Using pre-set license
Built from '2020.2/release' branch; Version is '2020.2.0f1 (3721df5a8b28) revision 3613151'; Using compiler version '192528614'; Build Type 'Release'
OS: 'Windows 10  (10.0.0) 64bit' Language: 'en' Physical Memory: 16235 MB
BatchMode: 1, IsHumanControllingUs: 0, StartBugReporterOnCrash: 0, Is64bit: 1, IsPro: 0

 COMMAND LINE ARGUMENTS:
C:\Program Files\Unity\Hub\Editor\2020.2.0f1\Editor\Unity.exe
-adb2
-batchMode
-noUpm
-name
AssetImportWorker0
-projectPath
D:/Project_Unity/Udem-GameDev-UltimateCourse/Udem_SpaceShooter
-logFile
Logs/AssetImportWorker0.log
-srvPort
62267
Successfully changed project path to: D:/Project_Unity/Udem-GameDev-UltimateCourse/Udem_SpaceShooter
D:/Project_Unity/Udem-GameDev-UltimateCourse/Udem_SpaceShooter
Using Asset Import Pipeline V2.
Unable to join player connection multicast group.

Refreshing native plugins compatible for Editor in 48.04 ms, found 0 plugins.
Preloading 0 native plugins for Editor in 0.00 ms.
Initialize engine version: 2020.2.0f1 (3721df5a8b28)
[Subsystems] Discovering subsystems at path C:/Program Files/Unity/Hub/Editor/2020.2.0f1/Editor/Data/Resources/UnitySubsystems
[Subsystems] Discovering subsystems at path D:/Project_Unity/Udem-GameDev-UltimateCourse/Udem_SpaceShooter/Assets
GfxDevice: creating device client; threaded=0
Direct3D:
    Version:  Direct3D 11.0 [level 11.1]
    Renderer: NVIDIA GeForce GTX 1050 (ID=0x1c8d)
    Vendor:   
    VRAM:     4021 MB
    Driver:   27.21.14.5241
Initialize mono
Mono path[0] = 'C:/Program Files/Unity/Hub/Editor/2020.2.0f1/Editor/Data/Managed'
Mono path[1] = 'C:/Program Files/Unity/Hub/Editor/2020.2.0f1/Editor/Data/MonoBleedingEdge/lib/mono/unityjit'
Mono config path = 'C:/Program Files/Unity/Hub/Editor/2020.2.0f1/Editor/Data/MonoBleedingEdge/etc'
Using monoOptions --debugger-agent=transport=dt_socket,embedding=1,server=y,suspend=n,address=127.0.0.1:56336
Begin MonoManager ReloadAssembly
Registering precompiled unity dll's ...
Register platform support module: C:/Program Files/Unity/Hub/Editor/2020.2.0f1/Editor/Data/PlaybackEngines/WindowsStandaloneSupport/UnityEditor.WindowsStandalone.Extensions.dll
Registered in 0.004627 seconds.
Native extension for WindowsStandalone target not found
Refreshing native plugins compatible for Editor in 156.56 ms, found 0 plugins.
Preloading 0 native plugins for Editor in 0.00 ms.
Invoked RoslynAnalysisRunner static constructor.
RoslynAnalysisRunner will not be running.
RoslynAnalysisRunner has terminated.
Mono: successfully reloaded assembly
- Completed reload, in  4.217 seconds
Platform modules already initialized, skipping
Registering precompiled user dll's ...
Registered in 0.003486 seconds.
Begin MonoManager ReloadAssembly
Native extension for WindowsStandalone target not found
Refreshing native plugins compatible for Editor in 0.52 ms, found 0 plugins.
Preloading 0 native plugins for Editor in 0.00 ms.
Invoked RoslynAnalysisRunner static constructor.
RoslynAnalysisRunner will not be running.
RoslynAnalysisRunner has terminated.
Mono: successfully reloaded assembly
- Completed reload, in  3.302 seconds
Platform modules already initialized, skipping
========================================================================
Worker process is ready to serve import requests
Launched and connected shader compiler UnityShaderCompiler.exe after 0.19 seconds
Refreshing native plugins compatible for Editor in 0.44 ms, found 0 plugins.
Preloading 0 native plugins for Editor in 0.00 ms.
Unloading 1094 Unused Serialized files (Serialized files now loaded: 0)
System memory in use before: 56.0 MB.
System memory in use after: 56.1 MB.

Unloading 10 unused Assets to reduce memory usage. Loaded Objects now: 1533.
Total: 2.868700 ms (FindLiveObjects: 0.325600 ms CreateObjectMapping: 0.123000 ms MarkObjects: 2.344800 ms  DeleteObjects: 0.073000 ms)

========================================================================
Received Import Request.
  path: Assets/Materials
  artifactKey: Guid(44afcbb2355168741aa7948a3cb3b78d) Importer(815301076,1909f56bfc062723c751e8b465ee728b)
Start importing Assets/Materials using Guid(44afcbb2355168741aa7948a3cb3b78d) Importer(815301076,1909f56bfc062723c751e8b465ee728b)  -> (artifact id: 'a0d1143a4e402a272e23d8059ce7c48b') in 0.005840 seconds
  Import took 0.008338 seconds .

========================================================================
Received Import Request.
  Time since last request: 9.765143 seconds.
  path: Assets/Models
  artifactKey: Guid(13a9ffd0ffcab1d43839aa54ac4fb8fc) Importer(815301076,1909f56bfc062723c751e8b465ee728b)
Start importing Assets/Models using Guid(13a9ffd0ffcab1d43839aa54ac4fb8fc) Importer(815301076,1909f56bfc062723c751e8b465ee728b)  -> (artifact id: '4b80f4c9713781d9f2cf77b7a3db19e6') in 0.004114 seconds
  Import took 0.007346 seconds .

========================================================================
Received Import Request.
  Time since last request: 13.913281 seconds.
  path: Assets/Pictures
  artifactKey: Guid(a30cd01a13b24004a89ac48ba58b2e2a) Importer(815301076,1909f56bfc062723c751e8b465ee728b)
Start importing Assets/Pictures using Guid(a30cd01a13b24004a89ac48ba58b2e2a) Importer(815301076,1909f56bfc062723c751e8b465ee728b)  -> (artifact id: '8c639f7f45cdbb9af7e07579b61b3028') in 0.004629 seconds
  Import took 0.008830 seconds .

AssetImportWorkerClient::OnTransportError - code=2 error=End of file
